<?xml version="1.0" encoding="UTF-8"?>
<!-- Generated by org.testng.reporters.JUnitXMLReporter -->
<testsuite hostname="LAPTOP-PQ9K0NN3" ignored="1" name="Learning Test" tests="1" failures="0" timestamp="2019-10-25T22:06:09 IST" time="0.055" errors="0">
  <testcase name="SecondTC" time="0.013" classname="com.selenium_tutorial.testNG.TestNGAnnotations"/>
  <testcase name="firstTC" time="0.0" classname="com.selenium_tutorial.testNG.TestNGAnnotations">
    <ignored/>
  </testcase> <!-- firstTC -->
</testsuite> <!-- Learning Test -->
